\BOOKMARK [1][-]{section.1}{Introduction}{}% 1
\BOOKMARK [1][-]{section.2}{Theory}{}% 2
\BOOKMARK [2][-]{subsection.2.1}{Theoretical period of a simple pendulum}{section.2}% 3
\BOOKMARK [1][-]{section.3}{Methods}{}% 4
\BOOKMARK [2][-]{subsection.3.1}{List of equipment}{section.3}% 5
\BOOKMARK [2][-]{subsection.3.2}{Experimental set-up of the pendulum}{section.3}% 6
\BOOKMARK [2][-]{subsection.3.3}{Uncertainties}{section.3}% 7
\BOOKMARK [1][-]{section.4}{Results}{}% 8
\BOOKMARK [2][-]{subsection.4.1}{Results from the measurement of time by means of a pendulum}{section.4}% 9
\BOOKMARK [2][-]{subsection.4.2}{Results from the measurement of time by means of a stopwatch}{section.4}% 10
\BOOKMARK [2][-]{subsection.4.3}{Results from the measurement of the pendulum period by means of a photodiode}{section.4}% 11
\BOOKMARK [1][-]{section.5}{Discussion}{}% 12
\BOOKMARK [2][-]{subsection.5.1}{Comparing the results}{section.5}% 13
\BOOKMARK [2][-]{subsection.5.2}{Uncertainties and discussion of errors}{section.5}% 14
\BOOKMARK [1][-]{section.6}{Conclusion}{}% 15
\BOOKMARK [2][-]{subsection.6.1}{Summary}{section.6}% 16
\BOOKMARK [2][-]{subsection.6.2}{Outlook}{section.6}% 17
\BOOKMARK [1][-]{section*.11}{Appendices}{}% 18
\BOOKMARK [1][-]{Appendix.a.A}{Physical parameters of the pedulum}{}% 19
\BOOKMARK [1][-]{Appendix.a.B}{Deriving the uncertainty in the length measurements}{}% 20
